SCRIPT: gtk_check_version 2 6 0
SERVER: 
SCRIPT: gtk_init NULL NULL
SERVER: ok
SCRIPT: gtk_server_version      
SERVER: 2.3 build 1
SCRIPT: gtk_window_new 0      
SERVER: 13885472
SCRIPT: gtk_window_set_title 13885472 "Hello world!"    
SERVER: ok
SCRIPT: gtk_widget_set_size_request 13885472 400 250   
SERVER: ok
SCRIPT: gtk_window_set_resizable 13885472 0    
SERVER: ok
SCRIPT: gtk_widget_set_name 13885472 13885472    
SERVER: ok
SCRIPT: gtk_widget_show 13885472     
SERVER: ok
SCRIPT: gtk_fixed_new      
SERVER: 13921664
SCRIPT: gtk_container_add 13885472 13921664    
SERVER: ok
SCRIPT: gtk_widget_show 13921664     
SERVER: ok
SCRIPT: gtk_button_new_with_label "Exit"      
SERVER: 13942784
SCRIPT: gtk_widget_set_size_request 13942784 100 50   
SERVER: ok
SCRIPT: gtk_widget_set_name 13942784 13942784    
SERVER: ok
SCRIPT: gtk_widget_show 13942784     
SERVER: ok
SCRIPT: gtk_settings_get_default      
SERVER: 13083648
SCRIPT: gtk_rc_parse_string "style \"13942784\" { fg[NORMAL] = {0, 65535, 0} }"     
SERVER: ok
SCRIPT: gtk_rc_parse_string "style \"13942784\" { fg[PRELIGHT] = {0, 65535, 0} }"     
SERVER: ok
SCRIPT: gtk_rc_parse_string "style \"13942784\" { fg[ACTIVE] = {0, 65535, 0} }"     
SERVER: ok
SCRIPT: gtk_rc_parse_string "widget \"*.*.13942784*\" style \"13942784\""      
SERVER: ok
SCRIPT: gtk_rc_reset_styles 13083648     
SERVER: ok
SCRIPT: gtk_settings_get_default      
SERVER: 13083648
SCRIPT: gtk_rc_parse_string "style \"13942784\" { bg[NORMAL] = {10240, 32768, 10240} }"     
SERVER: ok
SCRIPT: gtk_rc_parse_string "style \"13942784\" { bg[PRELIGHT] = {15360, 37888, 15360} }"     
SERVER: ok
SCRIPT: gtk_rc_parse_string "style \"13942784\" { bg[ACTIVE] = {10240, 32768, 10240} }"     
SERVER: ok
SCRIPT: gtk_rc_parse_string "widget \"*.*.13942784*\" style \"13942784\""      
SERVER: ok
SCRIPT: gtk_rc_reset_styles 13083648     
SERVER: ok
SCRIPT: gtk_fixed_put 13921664 13942784 290 190  
SERVER: ok
SCRIPT: gtk_button_new_with_label "Print text"      
SERVER: 13942976
SCRIPT: gtk_widget_set_size_request 13942976 100 50   
SERVER: ok
SCRIPT: gtk_widget_set_name 13942976 13942976    
SERVER: ok
SCRIPT: gtk_widget_show 13942976     
SERVER: ok
SCRIPT: gtk_fixed_put 13921664 13942976 10 190  
SERVER: ok
SCRIPT: gtk_frame_new NULL      
SERVER: 13984864
SCRIPT: gtk_frame_set_label 13984864 " Frame "    
SERVER: ok
SCRIPT: gtk_widget_set_size_request 13984864 120 50   
SERVER: ok
SCRIPT: gtk_widget_set_name 13984864 13984864    
SERVER: ok
SCRIPT: gtk_widget_show 13984864     
SERVER: ok
SCRIPT: gtk_fixed_put 13921664 13984864 150 190  
SERVER: ok
SCRIPT: gtk_settings_get_default      
SERVER: 13083648
SCRIPT: gtk_rc_parse_string "style \"13984864\" { fg[NORMAL] = {65535, 0, 0} }"     
SERVER: ok
SCRIPT: gtk_rc_parse_string "widget \"*.*.13984864*\" style \"13984864\""      
SERVER: ok
SCRIPT: gtk_rc_reset_styles 13083648     
SERVER: ok
SCRIPT: gtk_hseparator_new      
SERVER: 13229664
SCRIPT: gtk_widget_set_size_request 13229664 400 0   
SERVER: ok
SCRIPT: gtk_widget_set_name 13229664 13229664    
SERVER: ok
SCRIPT: gtk_widget_show 13229664     
SERVER: ok
SCRIPT: gtk_fixed_put 13921664 13229664 0 180  
SERVER: ok
SCRIPT: gtk_settings_get_default      
SERVER: 13083648
SCRIPT: gtk_rc_parse_string "style \"13229664\" { bg[NORMAL] = {65535, 65535, 0} }"     
SERVER: ok
SCRIPT: gtk_rc_parse_string "widget \"*.*.13229664\" style \"13229664\""      
SERVER: ok
SCRIPT: gtk_rc_reset_styles 13083648     
SERVER: ok
SCRIPT: gtk_entry_new      
SERVER: 13885776
SCRIPT: gtk_widget_set_size_request 13885776 200 25   
SERVER: ok
SCRIPT: gtk_widget_set_name 13885776 13885776    
SERVER: ok
SCRIPT: gtk_widget_show 13885776     
SERVER: ok
SCRIPT: gtk_fixed_put 13921664 13885776 10 10  
SERVER: ok
SCRIPT: gtk_settings_get_default      
SERVER: 13083648
SCRIPT: gtk_rc_parse_string "style \"13885776\" { base[NORMAL] = {65535, 65535, 0} }"     
SERVER: ok
SCRIPT: gtk_rc_parse_string "widget \"*.*.13885776\" style \"13885776\""      
SERVER: ok
SCRIPT: gtk_rc_reset_styles 13083648     
SERVER: ok
SCRIPT: gtk_label_new "This is a demo"      
SERVER: 13048848
SCRIPT: gtk_widget_set_size_request 13048848 90 20   
SERVER: ok
SCRIPT: gtk_widget_set_name 13048848 13048848    
SERVER: ok
SCRIPT: gtk_widget_show 13048848     
SERVER: ok
SCRIPT: gtk_fixed_put 13921664 13048848 10 50  
SERVER: ok
SCRIPT: gtk_settings_get_default      
SERVER: 13083648
SCRIPT: gtk_rc_parse_string "style \"13048848\" { fg[NORMAL] = {49152, 0, 49152} }"     
SERVER: ok
SCRIPT: gtk_rc_parse_string "widget \"*.*.13048848\" style \"13048848\""      
SERVER: ok
SCRIPT: gtk_rc_reset_styles 13083648     
SERVER: ok
SCRIPT: gtk_check_button_new_with_label "Option here"      
SERVER: 13049264
SCRIPT: gtk_widget_set_size_request 13049264 100 20   
SERVER: ok
SCRIPT: gtk_widget_set_name 13049264 13049264    
SERVER: ok
SCRIPT: gtk_widget_show 13049264     
SERVER: ok
SCRIPT: gtk_fixed_put 13921664 13049264 10 80  
SERVER: ok
SCRIPT: gtk_settings_get_default      
SERVER: 13083648
SCRIPT: gtk_rc_parse_string "style \"13049264\" { fg[NORMAL] = {0, 0, 65535} }"     
SERVER: ok
SCRIPT: gtk_rc_parse_string "style \"13049264\" { fg[PRELIGHT] = {0, 0, 65535} }"     
SERVER: ok
SCRIPT: gtk_rc_parse_string "style \"13049264\" { fg[ACTIVE] = {0, 0, 65535} }"     
SERVER: ok
SCRIPT: gtk_rc_parse_string "widget \"*.*.13049264*\" style \"13049264\""      
SERVER: ok
SCRIPT: gtk_rc_reset_styles 13083648     
SERVER: ok
SCRIPT: gtk_toggle_button_set_active 13049264 1    
SERVER: ok
SCRIPT: gtk_radio_button_new_with_label_from_widget "NULL" "Selection 1"    
SERVER: 14506064
SCRIPT: gtk_widget_set_size_request 14506064 110 20   
SERVER: ok
SCRIPT: gtk_widget_set_name 14506064 14506064    
SERVER: ok
SCRIPT: gtk_widget_show 14506064     
SERVER: ok
SCRIPT: gtk_fixed_put 13921664 14506064 120 50  
SERVER: ok
SCRIPT: gtk_settings_get_default      
SERVER: 13083648
SCRIPT: gtk_rc_parse_string "style \"14506064\" { bg[NORMAL] = {65535, 0, 0} }"     
SERVER: ok
SCRIPT: gtk_rc_parse_string "style \"14506064\" { bg[PRELIGHT] = {65535, 5120, 5120} }"     
SERVER: ok
SCRIPT: gtk_rc_parse_string "style \"14506064\" { bg[ACTIVE] = {60415, 5120, 5120} }"     
SERVER: ok
SCRIPT: gtk_rc_parse_string "widget \"*.*.14506064*\" style \"14506064\""      
SERVER: ok
SCRIPT: gtk_rc_reset_styles 13083648     
SERVER: ok
SCRIPT: gtk_radio_button_new_with_label_from_widget "14506064" "Selection 2"    
SERVER: 14506480
SCRIPT: gtk_widget_set_size_request 14506480 110 20   
SERVER: ok
SCRIPT: gtk_widget_set_name 14506480 14506480    
SERVER: ok
SCRIPT: gtk_widget_show 14506480     
SERVER: ok
SCRIPT: gtk_fixed_put 13921664 14506480 120 70  
SERVER: ok
SCRIPT: gtk_radio_button_new_with_label_from_widget "14506064" "Selection 3"    
SERVER: 14506896
SCRIPT: gtk_widget_set_size_request 14506896 110 20   
SERVER: ok
SCRIPT: gtk_widget_set_name 14506896 14506896    
SERVER: ok
SCRIPT: gtk_widget_show 14506896     
SERVER: ok
SCRIPT: gtk_fixed_put 13921664 14506896 120 90  
SERVER: ok
SCRIPT: gtk_widget_set_sensitive 14506896 0    
SERVER: ok
SCRIPT: gtk_combo_box_new_text      
SERVER: 13246464
SCRIPT: gtk_combo_box_append_text 13246464 "value one"    
SERVER: ok
SCRIPT: gtk_combo_box_append_text 13246464 "value two"    
SERVER: ok
SCRIPT: gtk_combo_box_append_text 13246464 "value three"    
SERVER: ok
SCRIPT: gtk_combo_box_set_active 13246464 0    
SERVER: ok
SCRIPT: gtk_widget_set_size_request 13246464 200 30   
SERVER: ok
SCRIPT: gtk_widget_set_name 13246464 13246464    
SERVER: ok
SCRIPT: gtk_widget_show 13246464     
SERVER: ok
SCRIPT: gtk_fixed_put 13921664 13246464 10 130  
SERVER: ok
SCRIPT: gtk_combo_box_remove_text 13246464 0    
SERVER: ok
SCRIPT: gtk_combo_box_remove_text 13246464 0    
SERVER: ok
SCRIPT: gtk_combo_box_remove_text 13246464 0    
SERVER: ok
SCRIPT: gtk_combo_box_append_text 13246464 "peter"    
SERVER: ok
SCRIPT: gtk_combo_box_append_text 13246464 "van"    
SERVER: ok
SCRIPT: gtk_combo_box_append_text 13246464 "eerten surname"    
SERVER: ok
SCRIPT: gtk_combo_box_set_active 13246464 0    
SERVER: ok
SCRIPT: gtk_combo_box_set_active 13246464 2    
SERVER: ok
SCRIPT: gtk_settings_get_default      
SERVER: 13083648
SCRIPT: gtk_rc_parse_string "style \"13246464\" { bg[NORMAL] = {0, 0, 65535} }"     
SERVER: ok
SCRIPT: gtk_rc_parse_string "style \"13246464\" { bg[PRELIGHT] = {5120, 5120, 65535} }"     
SERVER: ok
SCRIPT: gtk_rc_parse_string "widget \"*.*.13246464*\" style \"13246464\""      
SERVER: ok
SCRIPT: gtk_rc_reset_styles 13083648     
SERVER: ok
SCRIPT: gtk_server_opaque      
SERVER: 14470448
SCRIPT: gtk_list_store_new 1 64      
SERVER: 14836288
SCRIPT: gtk_tree_view_new_with_model 14836288     
SERVER: 14844464
SCRIPT: gtk_tree_view_set_headers_visible 14844464 0    
SERVER: ok
SCRIPT: gtk_widget_set_name 14844464 14844464    
SERVER: ok
SCRIPT: gtk_server_connect 14844464 button-press-event 14844464 1  
SERVER: ok
SCRIPT: gtk_tree_view_get_selection 14844464     
SERVER: 13254784
SCRIPT: gtk_tree_selection_set_mode 13254784 1    
SERVER: ok
SCRIPT: gtk_cell_renderer_text_new      
SERVER: 14170960
SCRIPT: gtk_tree_view_column_new_with_attributes dummy 14170960 text 0 NULL 
SERVER: 13943360
SCRIPT: gtk_tree_view_append_column 14844464 13943360    
SERVER: ok
SCRIPT: gtk_scrolled_window_new NULL NULL      
SERVER: 139756759423984
SCRIPT: gtk_scrolled_window_set_policy 139756759423984 1 1   
SERVER: ok
SCRIPT: gtk_scrolled_window_set_shadow_type 139756759423984 1    
SERVER: ok
SCRIPT: gtk_container_add 139756759423984 14844464    
SERVER: ok
SCRIPT: gtk_widget_set_size_request 139756759423984 150 150   
SERVER: ok
SCRIPT: gtk_widget_show_all 139756759423984     
SERVER: ok
SCRIPT: gtk_list_store_append 14836288 14470448    
SERVER: ok
SCRIPT: gtk_list_store_set 14836288 14470448 0 "peter" -1 
SERVER: ok
SCRIPT: gtk_list_store_append 14836288 14470448    
SERVER: ok
SCRIPT: gtk_list_store_set 14836288 14470448 0 "van" -1 
SERVER: ok
SCRIPT: gtk_list_store_append 14836288 14470448    
SERVER: ok
SCRIPT: gtk_list_store_set 14836288 14470448 0 "eerten surname" -1 
SERVER: ok
SCRIPT: gtk_fixed_put 13921664 139756759423984 240 10  
SERVER: ok
SCRIPT: gtk_settings_get_default      
SERVER: 13083648
SCRIPT: gtk_rc_parse_string "style \"139756759423984\" { base[NORMAL] = {0, 65535, 0} }"     
SERVER: ok
SCRIPT: gtk_rc_parse_string "widget \"*.*.14844464\" style \"139756759423984\""      
SERVER: ok
SCRIPT: gtk_rc_reset_styles 13083648     
SERVER: ok
SCRIPT: gtk_settings_get_default      
SERVER: 13083648
SCRIPT: gtk_rc_parse_string "style \"139756759423984\" { text[NORMAL] = {0, 0, 65535} }"     
SERVER: ok
SCRIPT: gtk_rc_parse_string "widget \"*.*.14844464\" style \"139756759423984\""      
SERVER: ok
SCRIPT: gtk_rc_reset_styles 13083648     
SERVER: ok
SCRIPT: gtk_tree_path_new_from_string 0     
SERVER: 14800464
SCRIPT: gtk_tree_selection_select_path 13254784 14800464    
SERVER: ok
SCRIPT: gtk_tree_path_free 14800464     
SERVER: ok
SCRIPT: gtk_widget_grab_focus 13885776     
SERVER: ok
SCRIPT: gtk_server_callback wait      
SERVER: 13246464
SCRIPT: gtk_toggle_button_get_active 14506480     
SERVER: 0
SCRIPT: gtk_server_callback wait      
SERVER: 14844464
SCRIPT: gtk_toggle_button_get_active 14506480     
SERVER: 0
SCRIPT: gtk_server_callback wait      
SERVER: 13942976
SCRIPT: gtk_tree_selection_get_selected 13254784 NULL 14470448   
SERVER: 1
SCRIPT: gtk_tree_model_get_string_from_iter 14836288 14470448    
SERVER: 1
SCRIPT: gtk_toggle_button_get_active 14506480     
SERVER: 0
SCRIPT: gtk_server_callback wait      
SERVER: 13942976
SCRIPT: gtk_tree_selection_get_selected 13254784 NULL 14470448   
SERVER: 1
SCRIPT: gtk_tree_model_get_string_from_iter 14836288 14470448    
SERVER: 1
SCRIPT: gtk_toggle_button_get_active 14506480     
SERVER: 0
SCRIPT: gtk_server_callback wait      
SERVER: 13942976
SCRIPT: gtk_tree_selection_get_selected 13254784 NULL 14470448   
SERVER: 1
SCRIPT: gtk_tree_model_get_string_from_iter 14836288 14470448    
SERVER: 1
SCRIPT: gtk_toggle_button_get_active 14506480     
SERVER: 0
SCRIPT: gtk_server_callback wait      
SERVER: 13942976
SCRIPT: gtk_tree_selection_get_selected 13254784 NULL 14470448   
SERVER: 1
SCRIPT: gtk_tree_model_get_string_from_iter 14836288 14470448    
SERVER: 1
SCRIPT: gtk_toggle_button_get_active 14506480     
SERVER: 0
SCRIPT: gtk_server_callback wait      
SERVER: 13942976
SCRIPT: gtk_tree_selection_get_selected 13254784 NULL 14470448   
SERVER: 1
SCRIPT: gtk_tree_model_get_string_from_iter 14836288 14470448    
SERVER: 1
SCRIPT: gtk_toggle_button_get_active 14506480     
SERVER: 0
SCRIPT: gtk_server_callback wait      
SERVER: 13942784
SCRIPT: gtk_toggle_button_get_active 14506480     
SERVER: 0
